Error: 대여 이력이 남아 있는 기자재는 삭제할 수 없습니다. 상태 수정으로 관리해주세요.
    at createError (C:\Users\조현민\Documents\New project\backend\src\services\equipmentService.js:9:17)
    at Object.deleteEquipment (C:\Users\조현민\Documents\New project\backend\src\services\equipmentService.js:358:11)
    at process.processTicksAndRejections (node:internal/process/task_queues:104:5)
    at async deleteEquipment (C:\Users\조현민\Documents\New project\backend\src\controllers\equipmentController.js:72:3)
    at async C:\Users\조현민\Documents\New project\backend\src\utils\asyncHandler.js:3:5 {
  status: 400
}
Error: 현재 대여 요청이 불가능한 기자재입니다.
    at createError (C:\Users\조현민\Documents\New project\backend\src\services\rentalService.js:15:17)
    at Object.requestRental (C:\Users\조현민\Documents\New project\backend\src\services\rentalService.js:191:13)
    at process.processTicksAndRejections (node:internal/process/task_queues:104:5)
    at async requestRental (C:\Users\조현민\Documents\New project\backend\src\controllers\rentalController.js:24:18)
    at async C:\Users\조현민\Documents\New project\backend\src\utils\asyncHandler.js:3:5 {
  status: 400
}
Error: 현재 대여 요청이 불가능한 기자재입니다.
    at createError (C:\Users\조현민\Documents\New project\backend\src\services\rentalService.js:15:17)
    at Object.requestRental (C:\Users\조현민\Documents\New project\backend\src\services\rentalService.js:191:13)
    at process.processTicksAndRejections (node:internal/process/task_queues:104:5)
    at async requestRental (C:\Users\조현민\Documents\New project\backend\src\controllers\rentalController.js:24:18)
    at async C:\Users\조현민\Documents\New project\backend\src\utils\asyncHandler.js:3:5 {
  status: 400
}
